

*******************************************************************************
Thu Mar 13 13:10:46 2014


FIT:    data read from "res" using 1:3
        format = x:z
        #datapoints = 10
        residuals are weighted equally (unit weight)

function used for fitting: f(x)
fitted parameters initialized with current variable values



 Iteration 0
 WSSR        : 3.84925e+10       delta(WSSR)/WSSR   : 0
 delta(WSSR) : 0                 limit for stopping : 1e-05
 lambda	  : 1

initial set of free parameter values

a               = 1

After 3 iterations the fit converged.
final sum of squares of residuals : 8.24555e+09
rel. change during last iteration : -3.02558e-08

degrees of freedom    (FIT_NDF)                        : 9
rms of residuals      (FIT_STDFIT) = sqrt(WSSR/ndf)    : 30268.3
variance of residuals (reduced chisquare) = WSSR/ndf   : 9.16172e+08

Final set of parameters            Asymptotic Standard Error
=======================            ==========================

a               = -54996.2         +/- 9572         (17.4%)


correlation matrix of the fit parameters:

               a      
a               1.000 


*******************************************************************************
Thu Mar 13 13:11:52 2014


FIT:    data read from "res" using 1:3
        format = x:z
        #datapoints = 10
        residuals are weighted equally (unit weight)

function used for fitting: f(x)
fitted parameters initialized with current variable values



 Iteration 0
 WSSR        : 3.84925e+10       delta(WSSR)/WSSR   : 0
 delta(WSSR) : 0                 limit for stopping : 1e-05
 lambda	  : 1

initial set of free parameter values

a               = 1

After 3 iterations the fit converged.
final sum of squares of residuals : 8.24555e+09
rel. change during last iteration : -3.02558e-08

degrees of freedom    (FIT_NDF)                        : 9
rms of residuals      (FIT_STDFIT) = sqrt(WSSR/ndf)    : 30268.3
variance of residuals (reduced chisquare) = WSSR/ndf   : 9.16172e+08

Final set of parameters            Asymptotic Standard Error
=======================            ==========================

a               = -54996.2         +/- 9572         (17.4%)


correlation matrix of the fit parameters:

               a      
a               1.000 


*******************************************************************************
Thu Mar 13 13:12:55 2014


FIT:    data read from "res" using 1:3
        format = x:z
        #datapoints = 10
        residuals are weighted equally (unit weight)

function used for fitting: f(x)
fitted parameters initialized with current variable values



 Iteration 0
 WSSR        : 8.24555e+09       delta(WSSR)/WSSR   : 0
 delta(WSSR) : 0                 limit for stopping : 1e-05
 lambda	  : 1

initial set of free parameter values

a               = -54996.2
b               = 1

After 1 iterations the fit converged.
final sum of squares of residuals : 8.24555e+09
rel. change during last iteration : -1.21015e-09

degrees of freedom    (FIT_NDF)                        : 8
rms of residuals      (FIT_STDFIT) = sqrt(WSSR/ndf)    : 32104.4
variance of residuals (reduced chisquare) = WSSR/ndf   : 1.03069e+09

Final set of parameters            Asymptotic Standard Error
=======================            ==========================

a               = -54996.7         +/- 1.462e+13    (2.658e+10%)
b               = 0.523786         +/- 1.462e+13    (2.791e+15%)


correlation matrix of the fit parameters:

               a      b      
a               1.000 
b              -1.000  1.000 


*******************************************************************************
Thu Mar 13 13:14:08 2014


FIT:    data read from "res" using 1:3
        format = x:z
        #datapoints = 10
        residuals are weighted equally (unit weight)

function used for fitting: f(x)
fitted parameters initialized with current variable values



 Iteration 0
 WSSR        : 1.46895e+22       delta(WSSR)/WSSR   : 0
 delta(WSSR) : 0                 limit for stopping : 1e-05
 lambda	  : 696894

initial set of free parameter values

a               = -54996.7

After 5 iterations the fit converged.
final sum of squares of residuals : 1.95011
rel. change during last iteration : -6.21269e-11

degrees of freedom    (FIT_NDF)                        : 9
rms of residuals      (FIT_STDFIT) = sqrt(WSSR/ndf)    : 0.465487
variance of residuals (reduced chisquare) = WSSR/ndf   : 0.216678

Final set of parameters            Asymptotic Standard Error
=======================            ==========================

a               = 2.40395e-05      +/- 2.112e-07    (0.8786%)


correlation matrix of the fit parameters:

               a      
a               1.000 


*******************************************************************************
Thu Mar 13 13:14:29 2014


FIT:    data read from "res" using 1:3
        format = x:z
        #datapoints = 10
        residuals are weighted equally (unit weight)

function used for fitting: f(x)
fitted parameters initialized with current variable values



 Iteration 0
 WSSR        : 6.25657           delta(WSSR)/WSSR   : 0
 delta(WSSR) : 0                 limit for stopping : 1e-05
 lambda	  : 696894

initial set of free parameter values

a               = 2.40395e-05

After 3 iterations the fit converged.
final sum of squares of residuals : 4.16385
rel. change during last iteration : -4.14537e-09

degrees of freedom    (FIT_NDF)                        : 9
rms of residuals      (FIT_STDFIT) = sqrt(WSSR/ndf)    : 0.680184
variance of residuals (reduced chisquare) = WSSR/ndf   : 0.46265

Final set of parameters            Asymptotic Standard Error
=======================            ==========================

a               = 2.33831e-05      +/- 3.086e-07    (1.32%)


correlation matrix of the fit parameters:

               a      
a               1.000 


*******************************************************************************
Thu Mar 13 13:15:09 2014


FIT:    data read from "res" using 1:3
        format = x:z
        #datapoints = 10
        residuals are weighted equally (unit weight)

function used for fitting: f(x)
fitted parameters initialized with current variable values



 Iteration 0
 WSSR        : 1.05692e+10       delta(WSSR)/WSSR   : 0
 delta(WSSR) : 0                 limit for stopping : 1e-05
 lambda	  : 349825

initial set of free parameter values

a               = 2.33831e-05
b               = 0.523786
c               = 1
d               = 1

After 11 iterations the fit converged.
final sum of squares of residuals : 0.121832
rel. change during last iteration : -5.27867e-12

degrees of freedom    (FIT_NDF)                        : 6
rms of residuals      (FIT_STDFIT) = sqrt(WSSR/ndf)    : 0.142497
variance of residuals (reduced chisquare) = WSSR/ndf   : 0.0203053

Final set of parameters            Asymptotic Standard Error
=======================            ==========================

a               = 5.31647e-05      +/- 2.787e-05    (52.42%)
b               = -0.000326533     +/- 0.0003522    (107.9%)
c               = -0.367804        +/- 1.017        (276.6%)
d               = 4.02617          +/- 8.5          (211.1%)


correlation matrix of the fit parameters:

               a      b      c      d      
a               1.000 
b              -1.000  1.000 
c               0.978 -0.981  1.000 
d              -0.972  0.975 -1.000  1.000 
